d:\programfiles\microsoft visual studio\workspace\mycplus1\mycplus4\x64\debug\vc141.pdb
d:\programfiles\microsoft visual studio\workspace\mycplus1\mycplus4\x64\debug\vc141.idb
d:\programfiles\microsoft visual studio\workspace\mycplus1\mycplus4\x64\debug\classimpl.obj
d:\programfiles\microsoft visual studio\workspace\mycplus1\mycplus4\x64\debug\1.继承.obj
d:\programfiles\microsoft visual studio\workspace\mycplus1\mycplus4\x64\debug\2.继承方式.obj
d:\programfiles\microsoft visual studio\workspace\mycplus1\mycplus4\x64\debug\3.继承的属性和函数.obj
d:\programfiles\microsoft visual studio\workspace\mycplus1\mycplus4\x64\debug\5.多态.obj
d:\programfiles\microsoft visual studio\workspace\mycplus1\mycplus4\x64\debug\4.菱形继承.obj
d:\programfiles\microsoft visual studio\workspace\mycplus1\mycplus4\x64\debug\6.写文件.obj
d:\programfiles\microsoft visual studio\workspace\mycplus1\mycplus4\x64\debug\7.读文件.obj
d:\programfiles\microsoft visual studio\workspace\mycplus1\mycplus4\x64\debug\测试.obj
d:\programfiles\microsoft visual studio\workspace\mycplus1\mycplus4\x64\debug\8.二进制写文件.obj
d:\programfiles\microsoft visual studio\workspace\mycplus1\mycplus4\x64\debug\9.二进制写文件.obj
d:\programfiles\microsoft visual studio\workspace\mycplus1\mycplus4\x64\debug\10.函数模板语法.obj
d:\programfiles\microsoft visual studio\workspace\mycplus1\mycplus4\x64\debug\name.obj
d:\programfiles\microsoft visual studio\workspace\mycplus1\mycplus4\x64\debug\11.名称空间.obj
d:\programfiles\microsoft visual studio\workspace\mycplus1\mycplus4\x64\debug\windows下多线程.obj
d:\programfiles\microsoft visual studio\workspace\mycplus1\mycplus4\x64\debug\测试memory.obj
d:\programfiles\microsoft visual studio\workspace\mycplus1\mycplus4\x64\debug\多线程之取放牛奶.obj
d:\programfiles\microsoft visual studio\workspace\mycplus1\x64\debug\mycplus4.exe
d:\programfiles\microsoft visual studio\workspace\mycplus1\x64\debug\mycplus4.ilk
d:\programfiles\microsoft visual studio\workspace\mycplus1\x64\debug\mycplus4.pdb
d:\programfiles\microsoft visual studio\workspace\mycplus1\mycplus4\x64\debug\mycplus4.tlog\cl.command.1.tlog
d:\programfiles\microsoft visual studio\workspace\mycplus1\mycplus4\x64\debug\mycplus4.tlog\cl.read.1.tlog
d:\programfiles\microsoft visual studio\workspace\mycplus1\mycplus4\x64\debug\mycplus4.tlog\cl.write.1.tlog
d:\programfiles\microsoft visual studio\workspace\mycplus1\mycplus4\x64\debug\mycplus4.tlog\link.command.1.tlog
d:\programfiles\microsoft visual studio\workspace\mycplus1\mycplus4\x64\debug\mycplus4.tlog\link.read.1.tlog
d:\programfiles\microsoft visual studio\workspace\mycplus1\mycplus4\x64\debug\mycplus4.tlog\link.write.1.tlog
